0 info it worked if it ends with ok
1 verbose cli [ '/usr/local/Cellar/node/5.0.0/bin/node',
1 verbose cli   '/usr/local/bin/npm',
1 verbose cli   'start' ]
2 info using npm@3.3.9
3 info using node@v5.0.0
4 verbose run-script [ 'prestart', 'start', 'poststart' ]
5 info lifecycle polling@0.0.1~prestart: polling@0.0.1
6 verbose lifecycle polling@0.0.1~prestart: unsafe-perm in lifecycle true
7 verbose lifecycle polling@0.0.1~prestart: PATH: /usr/local/lib/node_modules/npm/bin/node-gyp-bin:/Users/luis/Dropbox/LIBRARY/JS/Reactjs/polling/node_modules/.bin:/usr/bin:/bin:/usr/sbin:/sbin:/usr/local/bin
8 verbose lifecycle polling@0.0.1~prestart: CWD: /Users/luis/Dropbox/LIBRARY/JS/Reactjs/polling
9 silly lifecycle polling@0.0.1~prestart: Args: [ '-c', 'webpack' ]
10 silly lifecycle polling@0.0.1~prestart: Returned: code: 0  signal: null
11 info lifecycle polling@0.0.1~start: polling@0.0.1
12 verbose lifecycle polling@0.0.1~start: unsafe-perm in lifecycle true
13 verbose lifecycle polling@0.0.1~start: PATH: /usr/local/lib/node_modules/npm/bin/node-gyp-bin:/Users/luis/Dropbox/LIBRARY/JS/Reactjs/polling/node_modules/.bin:/usr/bin:/bin:/usr/sbin:/sbin:/usr/local/bin
14 verbose lifecycle polling@0.0.1~start: CWD: /Users/luis/Dropbox/LIBRARY/JS/Reactjs/polling
15 silly lifecycle polling@0.0.1~start: Args: [ '-c', 'app-server.js' ]
16 info lifecycle polling@0.0.1~start: Failed to exec start script
17 verbose stack Error: polling@0.0.1 start: `app-server.js`
17 verbose stack spawn ENOENT
17 verbose stack     at ChildProcess.<anonymous> (/usr/local/lib/node_modules/npm/lib/utils/spawn.js:17:16)
17 verbose stack     at emitTwo (events.js:87:13)
17 verbose stack     at ChildProcess.emit (events.js:172:7)
17 verbose stack     at maybeClose (internal/child_process.js:818:16)
17 verbose stack     at Process.ChildProcess._handle.onexit (internal/child_process.js:211:5)
18 verbose pkgid polling@0.0.1
19 verbose cwd /Users/luis/Dropbox/LIBRARY/JS/Reactjs/polling
20 error Darwin 13.4.0
21 error argv "/usr/local/Cellar/node/5.0.0/bin/node" "/usr/local/bin/npm" "start"
22 error node v5.0.0
23 error npm  v3.3.9
24 error file sh
25 error code ELIFECYCLE
26 error errno ENOENT
27 error syscall spawn
28 error polling@0.0.1 start: `app-server.js`
28 error spawn ENOENT
29 error Failed at the polling@0.0.1 start script 'app-server.js'.
29 error This is most likely a problem with the polling package,
29 error not with npm itself.
29 error Tell the author that this fails on your system:
29 error     app-server.js
29 error You can get their info via:
29 error     npm owner ls polling
29 error There is likely additional logging output above.
30 verbose exit [ 1, true ]
